<?xml version="1.0" encoding="UTF-8"?>
<!-- Generated by org.testng.reporters.JUnitXMLReporter -->
<testsuite ignored="0" hostname="DESKTOP-R6M179N" failures="0" tests="6" name="Default test" time="9.483" errors="0" timestamp="2023-11-20T11:32:36 CST">
  <testcase classname="com.qa.jupiter.tests.TestCase2" name="Step1" time="0.114"/>
  <testcase classname="com.qa.jupiter.tests.TestCase2" name="Step2" time="0.09"/>
  <testcase classname="com.qa.jupiter.tests.TestCase2" name="Step2" time="0.098"/>
  <testcase classname="com.qa.jupiter.tests.TestCase2" name="Step2" time="0.074"/>
  <testcase classname="com.qa.jupiter.tests.TestCase2" name="Step3" time="0.078"/>
  <testcase classname="com.qa.jupiter.tests.TestCase2" name="Step4" time="2.66"/>
</testsuite> <!-- Default test -->
