<?xml version="1.0" encoding="UTF-8"?>
<!-- Generated by org.testng.reporters.JUnitXMLReporter -->
<testsuite ignored="0" hostname="DESKTOP-R6M179N" failures="0" tests="7" name="Test Case 1" time="37.928" errors="0" timestamp="2023-11-20T13:31:52 CST">
  <testcase classname="com.qa.jupiter.tests.TestCase1" name="Step1" time="0.133"/>
  <testcase classname="com.qa.jupiter.tests.TestCase1" name="Step2" time="0.913"/>
  <testcase classname="com.qa.jupiter.tests.TestCase1" name="Step3" time="0.089"/>
  <testcase classname="com.qa.jupiter.tests.TestCase1" name="Step4" time="0.067"/>
  <testcase classname="com.qa.jupiter.tests.TestCase1" name="Step4" time="0.133"/>
  <testcase classname="com.qa.jupiter.tests.TestCase1" name="Step4" time="0.074"/>
  <testcase classname="com.qa.jupiter.tests.TestCase1" name="Step5" time="30.134"/>
</testsuite> <!-- Test Case 1 -->
