<?xml version="1.0" encoding="UTF-8"?>
<!-- Generated by org.testng.reporters.JUnitXMLReporter -->
<testsuite ignored="0" hostname="DESKTOP-R6M179N" failures="0" tests="6" name="Test Case 2" time="8.388" errors="0" timestamp="2023-11-20T13:32:00 CST">
  <testcase classname="com.qa.jupiter.tests.TestCase2" name="Step1" time="0.359"/>
  <testcase classname="com.qa.jupiter.tests.TestCase2" name="Step2" time="0.244"/>
  <testcase classname="com.qa.jupiter.tests.TestCase2" name="Step2" time="0.086"/>
  <testcase classname="com.qa.jupiter.tests.TestCase2" name="Step2" time="0.074"/>
  <testcase classname="com.qa.jupiter.tests.TestCase2" name="Step3" time="0.096"/>
  <testcase classname="com.qa.jupiter.tests.TestCase2" name="Step4" time="2.137"/>
</testsuite> <!-- Test Case 2 -->
