<?xml version="1.0" encoding="UTF-8"?>
<!-- Generated by org.testng.reporters.JUnitXMLReporter -->
<testsuite ignored="0" hostname="DESKTOP-R6M179N" failures="0" tests="7" name="Test Case 3" time="9.21" errors="0" timestamp="2023-11-20T13:32:09 CST">
  <testcase classname="com.qa.jupiter.tests.TestCase3" name="Step1" time="0.642"/>
  <testcase classname="com.qa.jupiter.tests.TestCase3" name="Step1" time="0.284"/>
  <testcase classname="com.qa.jupiter.tests.TestCase3" name="Step1" time="0.218"/>
  <testcase classname="com.qa.jupiter.tests.TestCase3" name="Step2" time="0.24"/>
  <testcase classname="com.qa.jupiter.tests.TestCase3" name="Step3" time="0.524"/>
  <testcase classname="com.qa.jupiter.tests.TestCase3" name="Step4" time="0.818"/>
  <testcase classname="com.qa.jupiter.tests.TestCase3" name="Step5" time="0.286"/>
</testsuite> <!-- Test Case 3 -->
